2019-01-04 14:03:17,382=======DEBUG+++++++This is a debug log.
2019-01-04 14:03:17,395=======INFO+++++++This is a info log.
2019-01-04 14:03:17,395=======WARNING+++++++This is a warning log.
2019-01-04 14:03:17,395=======ERROR+++++++This is a error log.
2019-01-04 14:03:17,395=======CRITICAL+++++++This is a critical log.
2019-01-04 14:03:17,395=======DEBUG+++++++This is a debug log.
2019-01-04 14:03:17,395=======INFO+++++++This is a info log.
2019-01-04 14:03:17,395=======WARNING+++++++This is a warning log.
2019-01-04 14:03:17,395=======ERROR+++++++This is a error log.
2019-01-04 14:03:17,395=======CRITICAL+++++++This is a critical log.
2019-01-04 14:04:11,980=======DEBUG+++++++This is a debug log.
2019-01-04 14:04:11,980=======INFO+++++++This is a info log.
2019-01-04 14:04:11,980=======WARNING+++++++This is a warning log.
2019-01-04 14:04:11,980=======ERROR+++++++This is a error log.
2019-01-04 14:04:11,980=======CRITICAL+++++++This is a critical log.
2019-01-04 14:04:11,980=======DEBUG+++++++This is a debug log.
2019-01-04 14:04:11,980=======INFO+++++++This is a info log.
2019-01-04 14:04:11,980=======WARNING+++++++This is a warning log.
2019-01-04 14:04:11,980=======ERROR+++++++This is a error log.
2019-01-04 14:04:11,980=======CRITICAL+++++++This is a critical log.
2019-01-04 14:52:44,662=======DEBUG+++++++This is a debug log.
2019-01-04 14:52:44,663=======INFO+++++++This is a info log.
2019-01-04 14:52:44,663=======WARNING+++++++This is a warning log.
2019-01-04 14:52:44,663=======ERROR+++++++This is a error log.
2019-01-04 14:52:44,663=======CRITICAL+++++++This is a critical log.
2019-01-04 14:52:44,663=======DEBUG+++++++This is a debug log.
2019-01-04 14:52:44,663=======INFO+++++++This is a info log.
2019-01-04 14:52:44,663=======WARNING+++++++This is a warning log.
2019-01-04 14:52:44,663=======ERROR+++++++This is a error log.
2019-01-04 14:52:44,663=======CRITICAL+++++++This is a critical log.
2019-01-04 14:52:54,657=======DEBUG+++++++This is a debug log.
2019-01-04 14:52:54,657=======INFO+++++++This is a info log.
2019-01-04 14:52:54,657=======WARNING+++++++This is a warning log.
2019-01-04 14:52:54,657=======ERROR+++++++This is a error log.
2019-01-04 14:52:54,657=======CRITICAL+++++++This is a critical log.
2019-01-04 14:52:54,657=======DEBUG+++++++This is a debug log.
2019-01-04 14:52:54,657=======INFO+++++++This is a info log.
2019-01-04 14:52:54,657=======WARNING+++++++This is a warning log.
2019-01-04 14:52:54,657=======ERROR+++++++This is a error log.
2019-01-04 14:52:54,657=======CRITICAL+++++++This is a critical log.
2019-01-10 14:44:57,903=======DEBUG+++++++This is a debug log.
2019-01-10 14:44:57,903=======INFO+++++++This is a info log.
2019-01-10 14:44:57,903=======WARNING+++++++This is a warning log.
2019-01-10 14:44:57,903=======ERROR+++++++This is a error log.
2019-01-10 14:44:57,903=======CRITICAL+++++++This is a critical log.
2019-01-10 14:44:57,904=======DEBUG+++++++This is a debug log.
2019-01-10 14:44:57,904=======INFO+++++++This is a info log.
2019-01-10 14:44:57,904=======WARNING+++++++This is a warning log.
2019-01-10 14:44:57,904=======ERROR+++++++This is a error log.
2019-01-10 14:44:57,904=======CRITICAL+++++++This is a critical log.
